c:\users\ddu00001\desktop\cpp\uemtamaton\debug\vc142.pdb
c:\users\ddu00001\desktop\cpp\uemtamaton\debug\writeulg.obj
c:\users\ddu00001\desktop\cpp\uemtamaton\debug\writedmcomm.obj
c:\users\ddu00001\desktop\cpp\uemtamaton\debug\uemauto.obj
c:\users\ddu00001\desktop\cpp\uemtamaton\debug\.netframework,version=v4.7.2.assemblyattributes.obj
c:\users\ddu00001\desktop\cpp\uemtamaton\debug\.netframework,version=v4.7.2.assemblyattributes.asm
c:\users\ddu00001\desktop\cpp\uemtamaton\debug\uemtamaton.exe
c:\users\ddu00001\desktop\cpp\uemtamaton\debug\uemtamaton.pdb
c:\users\ddu00001\desktop\cpp\uemtamaton\debug\resource.res
c:\users\ddu00001\desktop\cpp\uemtamaton\debug\clrwindowstest.uemauto.resources
c:\users\ddu00001\desktop\cpp\uemtamaton\debug\uemtamaton.uemauto.resources
c:\users\ddu00001\desktop\uemtamaton\debug\uemtamaton.vcxproj.generateresource.cache
c:\users\ddu00001\desktop\uemtamaton\debug\uemauto.obj
c:\users\ddu00001\desktop\uemtamaton\debug\writedmcomm.obj
c:\users\ddu00001\desktop\uemtamaton\debug\writeulg.obj
c:\users\ddu00001\desktop\uemtamaton\debug\_netframework,version=v4.7.2.assemblyattributes(1).obj
c:\users\ddu00001\desktop\uemtamaton\debug\_netframework,version=v4.7.2.assemblyattributes.obj
c:\users\ddu00001\desktop\uemtamaton\debug\clrwindowstest.uemauto.resources
c:\users\ddu00001\desktop\uemtamaton\debug\uemtamaton.uemauto.resources
c:\users\ddu00001\desktop\uemtamaton\debug\resource.res
c:\users\ddu00001\desktop\uemtamaton\debug\uemtamaton.pdb
c:\users\ddu00001\desktop\uemtamaton\debug\vc142.pdb
c:\users\ddu00001\desktop\uemtamaton\debug\uemtamaton.exe.metagen
c:\users\ddu00001\desktop\uemtamaton\debug\uemtamaton.exe
c:\users\ddu00001\desktop\uemtamaton\debug\uemtamaton.tlog\cl.command.1.tlog
c:\users\ddu00001\desktop\uemtamaton\debug\uemtamaton.tlog\cl.read.1.tlog
c:\users\ddu00001\desktop\uemtamaton\debug\uemtamaton.tlog\cl.write.1.tlog
c:\users\ddu00001\desktop\uemtamaton\debug\uemtamaton.tlog\link.10568.delete.1.tlog
c:\users\ddu00001\desktop\uemtamaton\debug\uemtamaton.tlog\link.9476.delete.1.tlog
c:\users\ddu00001\desktop\uemtamaton\debug\uemtamaton.tlog\link.command.1.tlog
c:\users\ddu00001\desktop\uemtamaton\debug\uemtamaton.tlog\link.read.1.tlog
c:\users\ddu00001\desktop\uemtamaton\debug\uemtamaton.tlog\link.write.1.tlog
c:\users\ddu00001\desktop\uemtamaton\debug\uemtamaton.tlog\metagen.read.1.tlog
c:\users\ddu00001\desktop\uemtamaton\debug\uemtamaton.tlog\metagen.write.1.tlog
c:\users\ddu00001\desktop\uemtamaton\debug\uemtamaton.tlog\rc.command.1.tlog
c:\users\ddu00001\desktop\uemtamaton\debug\uemtamaton.tlog\rc.read.1.tlog
c:\users\ddu00001\desktop\uemtamaton\debug\uemtamaton.tlog\rc.write.1.tlog
c:\users\ddu00001\desktop\uemtamaton\debug\uemtamaton.tlog\uemtamaton.write.1u.tlog
