c:\users\ddu00001\desktop\cpp\uemtamaton_2\x64\release\vc142.pdb
c:\users\ddu00001\desktop\cpp\uemtamaton_2\x64\release\writeulg.obj
c:\users\ddu00001\desktop\cpp\uemtamaton_2\x64\release\writedmcomm.obj
c:\users\ddu00001\desktop\cpp\uemtamaton_2\x64\release\uemauto.obj
c:\users\ddu00001\desktop\cpp\uemtamaton_2\x64\release\.netframework,version=v4.7.2.assemblyattributes.obj
c:\users\ddu00001\desktop\cpp\uemtamaton_2\x64\release\.netframework,version=v4.7.2.assemblyattributes.asm
c:\users\ddu00001\desktop\cpp\uemtamaton_2\x64\release\uemtamaton.exe
c:\users\ddu00001\desktop\cpp\uemtamaton_2\x64\release\uemtamaton.pdb
c:\users\ddu00001\desktop\cpp\uemtamaton_2\x64\release\resource.res
c:\users\ddu00001\desktop\cpp\uemtamaton_2\x64\release\clrwindowstest.uemauto.resources
c:\users\ddu00001\desktop\cpp\uemtamaton\x64\release\uemtamaton.vcxproj.generateresource.cache
c:\users\ddu00001\desktop\cpp\uemtamaton\x64\release\.netframework,version=v4.7.2.assemblyattributes.obj
c:\users\ddu00001\desktop\cpp\uemtamaton\x64\release\uemauto.obj
c:\users\ddu00001\desktop\cpp\uemtamaton\x64\release\writedmcomm.obj
c:\users\ddu00001\desktop\cpp\uemtamaton\x64\release\writeulg.obj
c:\users\ddu00001\desktop\cpp\uemtamaton\x64\release\clrwindowstest.uemauto.resources
c:\users\ddu00001\desktop\cpp\uemtamaton\x64\release\resource.res
c:\users\ddu00001\desktop\cpp\uemtamaton\x64\release\uemtamaton.pdb
c:\users\ddu00001\desktop\cpp\uemtamaton\x64\release\vc142.pdb
c:\users\ddu00001\desktop\cpp\uemtamaton\x64\release\uemtamaton.exe.metagen
c:\users\ddu00001\desktop\cpp\uemtamaton\x64\release\uemtamaton.exe
c:\users\ddu00001\desktop\cpp\uemtamaton\x64\release\uemtamaton.tlog\cl.command.1.tlog
c:\users\ddu00001\desktop\cpp\uemtamaton\x64\release\uemtamaton.tlog\cl.read.1.tlog
c:\users\ddu00001\desktop\cpp\uemtamaton\x64\release\uemtamaton.tlog\cl.write.1.tlog
c:\users\ddu00001\desktop\cpp\uemtamaton\x64\release\uemtamaton.tlog\link.command.1.tlog
c:\users\ddu00001\desktop\cpp\uemtamaton\x64\release\uemtamaton.tlog\link.read.1.tlog
c:\users\ddu00001\desktop\cpp\uemtamaton\x64\release\uemtamaton.tlog\link.write.1.tlog
c:\users\ddu00001\desktop\cpp\uemtamaton\x64\release\uemtamaton.tlog\metagen.read.1.tlog
c:\users\ddu00001\desktop\cpp\uemtamaton\x64\release\uemtamaton.tlog\metagen.write.1.tlog
c:\users\ddu00001\desktop\cpp\uemtamaton\x64\release\uemtamaton.tlog\rc.command.1.tlog
c:\users\ddu00001\desktop\cpp\uemtamaton\x64\release\uemtamaton.tlog\rc.read.1.tlog
c:\users\ddu00001\desktop\cpp\uemtamaton\x64\release\uemtamaton.tlog\rc.write.1.tlog
c:\users\ddu00001\desktop\cpp\uemtamaton\x64\release\uemtamaton.tlog\uemtamaton.write.1u.tlog
