c:\users\ddu00001\desktop\uemtomaton\release\vc142.pdb
c:\users\ddu00001\desktop\uemtomaton\release\.netframework,version=v4.7.2.assemblyattributes.obj
c:\users\ddu00001\desktop\uemtomaton\release\writeulg.obj
c:\users\ddu00001\desktop\uemtomaton\release\writesettings.obj
c:\users\ddu00001\desktop\uemtomaton\release\writedmcomm.obj
c:\users\ddu00001\desktop\uemtomaton\release\uemauto.obj
c:\users\ddu00001\desktop\uemtomaton\release\resource.res
c:\users\ddu00001\desktop\uemtomaton\release\uemtomaton.uemauto.resources
c:\users\ddu00001\desktop\uemtomaton\release\uemtamaton.vcxproj.generateresource.cache
c:\users\ddu00001\desktop\uemtomaton\release\uemtomaton.pdb
c:\users\ddu00001\desktop\uemtomaton\release\uemtomaton.tlog\cl.command.1.tlog
c:\users\ddu00001\desktop\uemtomaton\release\uemtomaton.tlog\cl.read.1.tlog
c:\users\ddu00001\desktop\uemtomaton\release\uemtomaton.tlog\cl.write.1.tlog
c:\users\ddu00001\desktop\uemtomaton\release\uemtomaton.tlog\link-cvtres.read.1.tlog
c:\users\ddu00001\desktop\uemtomaton\release\uemtomaton.tlog\link-cvtres.write.1.tlog
c:\users\ddu00001\desktop\uemtomaton\release\uemtomaton.tlog\link-rc.read.1.tlog
c:\users\ddu00001\desktop\uemtomaton\release\uemtomaton.tlog\link-rc.write.1.tlog
c:\users\ddu00001\desktop\uemtomaton\release\uemtomaton.tlog\link.command.1.tlog
c:\users\ddu00001\desktop\uemtomaton\release\uemtomaton.tlog\link.read.1.tlog
c:\users\ddu00001\desktop\uemtomaton\release\uemtomaton.tlog\link.write.1.tlog
c:\users\ddu00001\desktop\uemtomaton\release\uemtomaton.tlog\metagen.read.1.tlog
c:\users\ddu00001\desktop\uemtomaton\release\uemtomaton.tlog\metagen.write.1.tlog
c:\users\ddu00001\desktop\uemtomaton\release\uemtomaton.tlog\rc.command.1.tlog
c:\users\ddu00001\desktop\uemtomaton\release\uemtomaton.tlog\rc.read.1.tlog
c:\users\ddu00001\desktop\uemtomaton\release\uemtomaton.tlog\rc.write.1.tlog
c:\users\ddu00001\desktop\uemtomaton\release\uemtomaton.tlog\uemtomaton.write.1u.tlog
